<?xml version="1.0" encoding="UTF-8"?>
<testsuite xmlns:xsi="http://www.w3.org/2001/XMLSchema-instance" xsi:noNamespaceSchemaLocation="https://maven.apache.org/surefire/maven-failsafe-plugin/xsd/failsafe-test-report-3.0.xsd" version="3.0" name="com.endava.homework.ITMultiplyTest" time="0.032" tests="22" errors="0" skipped="0" failures="0">
  <properties>
[...]
</properties>
  <testcase name="shouldMultiply2orMoreDoubleOperands(double[])[1]" classname="com.endava.homework.ITMultiplyTest" time="0.002">
    <system-out><![CDATA[14:22:43.093 [main] INFO  com.endava.extensions.CustomTestExecutionListener - Starting test (test execution listener) ITMultiplyTest
14:22:43.094 [main] INFO  com.endava.extensions.CustomTestExecutionListener - Starting test (test execution listener) shouldMultiply2orMoreDoubleOperands(double[])
14:22:43.097 [main] INFO  com.endava.extensions.CustomTestExecutionListener - Starting test (test execution listener) [1] [1.1, 2.3, 3.4]
8.602
14:22:43.099 [main] INFO  com.endava.extensions.CustomTestExecutionListener - Finishing test (test execution listener) [1] [1.1, 2.3, 3.4]
]]></system-out>
  </testcase>
  <testcase name="shouldMultiply2orMoreDoubleOperands(double[])[2]" classname="com.endava.homework.ITMultiplyTest" time="0.001">
    <system-out><![CDATA[14:22:43.100 [main] INFO  com.endava.extensions.CustomTestExecutionListener - Starting test (test execution listener) [2] [1.4, 0.0, 10.7, 1.8]
0.0
14:22:43.101 [main] INFO  com.endava.extensions.CustomTestExecutionListener - Finishing test (test execution listener) [2] [1.4, 0.0, 10.7, 1.8]
]]></system-out>
  </testcase>
  <testcase name="shouldMultiply2orMoreDoubleOperands(double[])[3]" classname="com.endava.homework.ITMultiplyTest" time="0.001">
    <system-out><![CDATA[14:22:43.101 [main] INFO  com.endava.extensions.CustomTestExecutionListener - Starting test (test execution listener) [3] [10.0, 12.0, 2.0, 4.0, -7.0]
-6720.0
14:22:43.102 [main] INFO  com.endava.extensions.CustomTestExecutionListener - Finishing test (test execution listener) [3] [10.0, 12.0, 2.0, 4.0, -7.0]
]]></system-out>
  </testcase>
  <testcase name="shouldMultiplyWith0IntegerOperand" classname="com.endava.homework.ITMultiplyTest" time="0">
    <system-out><![CDATA[14:22:43.102 [main] INFO  com.endava.extensions.CustomTestExecutionListener - Finishing test (test execution listener) shouldMultiply2orMoreDoubleOperands(double[])
14:22:43.103 [main] INFO  com.endava.extensions.CustomTestExecutionListener - Starting test (test execution listener) shouldMultiplyWith0IntegerOperand()
0
14:22:43.103 [main] INFO  com.endava.extensions.CustomTestExecutionListener - Finishing test (test execution listener) shouldMultiplyWith0IntegerOperand()
]]></system-out>
  </testcase>
  <testcase name="shouldMultiplyWithNegativeIntegerOperands" classname="com.endava.homework.ITMultiplyTest" time="0">
    <system-out><![CDATA[14:22:43.104 [main] INFO  com.endava.extensions.CustomTestExecutionListener - Starting test (test execution listener) shouldMultiplyWithNegativeIntegerOperands()
-1000
14:22:43.104 [main] INFO  com.endava.extensions.CustomTestExecutionListener - Finishing test (test execution listener) shouldMultiplyWithNegativeIntegerOperands()
]]></system-out>
  </testcase>
  <testcase name="shouldMultiplyWithNegativeLongOperands" classname="com.endava.homework.ITMultiplyTest" time="0">
    <system-out><![CDATA[14:22:43.105 [main] INFO  com.endava.extensions.CustomTestExecutionListener - Starting test (test execution listener) shouldMultiplyWithNegativeLongOperands()
-10000000000
14:22:43.105 [main] INFO  com.endava.extensions.CustomTestExecutionListener - Finishing test (test execution listener) shouldMultiplyWithNegativeLongOperands()
]]></system-out>
  </testcase>
  <testcase name="shouldMultiplyBigDoubleNumbers" classname="com.endava.homework.ITMultiplyTest" time="0">
    <system-out><![CDATA[14:22:43.106 [main] INFO  com.endava.extensions.CustomTestExecutionListener - Starting test (test execution listener) shouldMultiplyBigDoubleNumbers()
7.56777567E11
14:22:43.106 [main] INFO  com.endava.extensions.CustomTestExecutionListener - Finishing test (test execution listener) shouldMultiplyBigDoubleNumbers()
]]></system-out>
  </testcase>
  <testcase name="shouldMultiplyWith1IntegerOperand" classname="com.endava.homework.ITMultiplyTest" time="0">
    <system-out><![CDATA[14:22:43.107 [main] INFO  com.endava.extensions.CustomTestExecutionListener - Starting test (test execution listener) shouldMultiplyWith1IntegerOperand()
6
14:22:43.107 [main] INFO  com.endava.extensions.CustomTestExecutionListener - Finishing test (test execution listener) shouldMultiplyWith1IntegerOperand()
]]></system-out>
  </testcase>
  <testcase name="shouldMultiply2orMoreLongOperands(long[])[1]" classname="com.endava.homework.ITMultiplyTest" time="0.001">
    <system-out><![CDATA[14:22:43.108 [main] INFO  com.endava.extensions.CustomTestExecutionListener - Starting test (test execution listener) shouldMultiply2orMoreLongOperands(long[])
14:22:43.109 [main] INFO  com.endava.extensions.CustomTestExecutionListener - Starting test (test execution listener) [1] [1, 288888, -3]
-866664
14:22:43.110 [main] INFO  com.endava.extensions.CustomTestExecutionListener - Finishing test (test execution listener) [1] [1, 288888, -3]
]]></system-out>
  </testcase>
  <testcase name="shouldMultiply2orMoreLongOperands(long[])[2]" classname="com.endava.homework.ITMultiplyTest" time="0.001">
    <system-out><![CDATA[14:22:43.110 [main] INFO  com.endava.extensions.CustomTestExecutionListener - Starting test (test execution listener) [2] [1, 0, 100000000, 1]
0
14:22:43.111 [main] INFO  com.endava.extensions.CustomTestExecutionListener - Finishing test (test execution listener) [2] [1, 0, 100000000, 1]
]]></system-out>
  </testcase>
  <testcase name="shouldMultiply2orMoreLongOperands(long[])[3]" classname="com.endava.homework.ITMultiplyTest" time="0.001">
    <system-out><![CDATA[14:22:43.111 [main] INFO  com.endava.extensions.CustomTestExecutionListener - Starting test (test execution listener) [3] [10, 12, 78888, 4, 7]
265063680
14:22:43.112 [main] INFO  com.endava.extensions.CustomTestExecutionListener - Finishing test (test execution listener) [3] [10, 12, 78888, 4, 7]
]]></system-out>
  </testcase>
  <testcase name="shouldMultiplyWith1DoubleOperand" classname="com.endava.homework.ITMultiplyTest" time="0">
    <system-out><![CDATA[14:22:43.112 [main] INFO  com.endava.extensions.CustomTestExecutionListener - Finishing test (test execution listener) shouldMultiply2orMoreLongOperands(long[])
14:22:43.112 [main] INFO  com.endava.extensions.CustomTestExecutionListener - Starting test (test execution listener) shouldMultiplyWith1DoubleOperand()
35432.1234
14:22:43.113 [main] INFO  com.endava.extensions.CustomTestExecutionListener - Finishing test (test execution listener) shouldMultiplyWith1DoubleOperand()
]]></system-out>
  </testcase>
  <testcase name="shouldMultiply2orMoreIntegerOperands(int[])[1]" classname="com.endava.homework.ITMultiplyTest" time="0.001">
    <system-out><![CDATA[14:22:43.113 [main] INFO  com.endava.extensions.CustomTestExecutionListener - Starting test (test execution listener) shouldMultiply2orMoreIntegerOperands(int[])
14:22:43.114 [main] INFO  com.endava.extensions.CustomTestExecutionListener - Starting test (test execution listener) [1] [1, 2, 3]
6
14:22:43.115 [main] INFO  com.endava.extensions.CustomTestExecutionListener - Finishing test (test execution listener) [1] [1, 2, 3]
]]></system-out>
  </testcase>
  <testcase name="shouldMultiply2orMoreIntegerOperands(int[])[2]" classname="com.endava.homework.ITMultiplyTest" time="0.001">
    <system-out><![CDATA[14:22:43.115 [main] INFO  com.endava.extensions.CustomTestExecutionListener - Starting test (test execution listener) [2] [1, 0, 10, 1]
0
14:22:43.116 [main] INFO  com.endava.extensions.CustomTestExecutionListener - Finishing test (test execution listener) [2] [1, 0, 10, 1]
]]></system-out>
  </testcase>
  <testcase name="shouldMultiply2orMoreIntegerOperands(int[])[3]" classname="com.endava.homework.ITMultiplyTest" time="0">
    <system-out><![CDATA[14:22:43.116 [main] INFO  com.endava.extensions.CustomTestExecutionListener - Starting test (test execution listener) [3] [-10, 12, 2, 4, 7]
-6720
14:22:43.117 [main] INFO  com.endava.extensions.CustomTestExecutionListener - Finishing test (test execution listener) [3] [-10, 12, 2, 4, 7]
]]></system-out>
  </testcase>
  <testcase name="shouldMultiplyWith0DoubleOperand" classname="com.endava.homework.ITMultiplyTest" time="0.001">
    <system-out><![CDATA[14:22:43.118 [main] INFO  com.endava.extensions.CustomTestExecutionListener - Finishing test (test execution listener) shouldMultiply2orMoreIntegerOperands(int[])
14:22:43.118 [main] INFO  com.endava.extensions.CustomTestExecutionListener - Starting test (test execution listener) shouldMultiplyWith0DoubleOperand()
0.0
14:22:43.119 [main] INFO  com.endava.extensions.CustomTestExecutionListener - Finishing test (test execution listener) shouldMultiplyWith0DoubleOperand()
]]></system-out>
  </testcase>
  <testcase name="shouldMultiplyWith0LongOperand" classname="com.endava.homework.ITMultiplyTest" time="0">
    <system-out><![CDATA[14:22:43.120 [main] INFO  com.endava.extensions.CustomTestExecutionListener - Starting test (test execution listener) shouldMultiplyWith0LongOperand()
0
14:22:43.120 [main] INFO  com.endava.extensions.CustomTestExecutionListener - Finishing test (test execution listener) shouldMultiplyWith0LongOperand()
]]></system-out>
  </testcase>
  <testcase name="shouldMultiplyNoOperand" classname="com.endava.homework.ITMultiplyTest" time="0.001">
    <system-out><![CDATA[14:22:43.120 [main] INFO  com.endava.extensions.CustomTestExecutionListener - Starting test (test execution listener) shouldMultiplyNoOperand()
1
14:22:43.121 [main] INFO  com.endava.extensions.CustomTestExecutionListener - Finishing test (test execution listener) shouldMultiplyNoOperand()
]]></system-out>
  </testcase>
  <testcase name="shouldMultiplyWith1LongOperand" classname="com.endava.homework.ITMultiplyTest" time="0">
    <system-out><![CDATA[14:22:43.121 [main] INFO  com.endava.extensions.CustomTestExecutionListener - Starting test (test execution listener) shouldMultiplyWith1LongOperand()
9223372036854775807
14:22:43.121 [main] INFO  com.endava.extensions.CustomTestExecutionListener - Finishing test (test execution listener) shouldMultiplyWith1LongOperand()
]]></system-out>
  </testcase>
  <testcase name="shouldMultiplyWithNegativeDoubleOperands" classname="com.endava.homework.ITMultiplyTest" time="0">
    <system-out><![CDATA[14:22:43.122 [main] INFO  com.endava.extensions.CustomTestExecutionListener - Starting test (test execution listener) shouldMultiplyWithNegativeDoubleOperands()
-104375.0
14:22:43.122 [main] INFO  com.endava.extensions.CustomTestExecutionListener - Finishing test (test execution listener) shouldMultiplyWithNegativeDoubleOperands()
]]></system-out>
  </testcase>
  <testcase name="shouldMultiplyBigLongNumbers" classname="com.endava.homework.ITMultiplyTest" time="0">
    <system-out><![CDATA[14:22:43.123 [main] INFO  com.endava.extensions.CustomTestExecutionListener - Starting test (test execution listener) shouldMultiplyBigLongNumbers()
100000000000000
14:22:43.123 [main] INFO  com.endava.extensions.CustomTestExecutionListener - Finishing test (test execution listener) shouldMultiplyBigLongNumbers()
]]></system-out>
  </testcase>
  <testcase name="shouldMultiplyBigIntegerNumbers" classname="com.endava.homework.ITMultiplyTest" time="0.001">
    <system-out><![CDATA[14:22:43.124 [main] INFO  com.endava.extensions.CustomTestExecutionListener - Starting test (test execution listener) shouldMultiplyBigIntegerNumbers()
4294967294
14:22:43.125 [main] INFO  com.endava.extensions.CustomTestExecutionListener - Finishing test (test execution listener) shouldMultiplyBigIntegerNumbers()
]]></system-out>
  </testcase>
</testsuite>