<?xml version="1.0" encoding="UTF-8"?>
<testsuite xmlns:xsi="http://www.w3.org/2001/XMLSchema-instance" xsi:noNamespaceSchemaLocation="https://maven.apache.org/surefire/maven-failsafe-plugin/xsd/failsafe-test-report-3.0.xsd" version="3.0" name="com.endava.homework.ITFactorialTest" time="0.083" tests="6" errors="0" skipped="0" failures="0">
  <properties>
[...]
</properties>
  <testcase name="shouldCalculate1factorial" classname="com.endava.homework.ITFactorialTest" time="0.014">
    <system-out><![CDATA[14:22:42.993 [main] INFO  com.endava.extensions.CustomTestExecutionListener - Starting test (test execution listener) JUnit Jupiter
14:22:43.007 [main] INFO  com.endava.extensions.CustomTestExecutionListener - Starting test (test execution listener) ITFactorialTest
Before All Tests
14:22:43.023 [main] INFO  com.endava.extensions.CustomTestExecutionListener - Starting test (test execution listener) shouldCalculate1factorial()

Before each
1
After each

14:22:43.037 [main] INFO  com.endava.extensions.CustomTestExecutionListener - Finishing test (test execution listener) shouldCalculate1factorial()
]]></system-out>
  </testcase>
  <testcase name="calculateFactorialFromNumberBiggerThan1(int)[1]" classname="com.endava.homework.ITFactorialTest" time="0.013">
    <system-out><![CDATA[14:22:43.040 [main] INFO  com.endava.extensions.CustomTestExecutionListener - Starting test (test execution listener) calculateFactorialFromNumberBiggerThan1(int)
14:22:43.065 [main] INFO  com.endava.extensions.CustomTestExecutionListener - Starting test (test execution listener) [1] 4

Before each
24
After each

14:22:43.078 [main] INFO  com.endava.extensions.CustomTestExecutionListener - Finishing test (test execution listener) [1] 4
]]></system-out>
  </testcase>
  <testcase name="calculateFactorialFromNumberBiggerThan1(int)[2]" classname="com.endava.homework.ITFactorialTest" time="0.001">
    <system-out><![CDATA[14:22:43.082 [main] INFO  com.endava.extensions.CustomTestExecutionListener - Starting test (test execution listener) [2] 10

Before each
3628800
After each

14:22:43.083 [main] INFO  com.endava.extensions.CustomTestExecutionListener - Finishing test (test execution listener) [2] 10
]]></system-out>
  </testcase>
  <testcase name="calculateFactorialFromNumberBiggerThan1(int)[3]" classname="com.endava.homework.ITFactorialTest" time="0.001">
    <system-out><![CDATA[14:22:43.084 [main] INFO  com.endava.extensions.CustomTestExecutionListener - Starting test (test execution listener) [3] 20

Before each
2432902008176640000
After each

14:22:43.085 [main] INFO  com.endava.extensions.CustomTestExecutionListener - Finishing test (test execution listener) [3] 20
]]></system-out>
  </testcase>
  <testcase name="shouldCalculate0factorial" classname="com.endava.homework.ITFactorialTest" time="0.001">
    <system-out><![CDATA[14:22:43.085 [main] INFO  com.endava.extensions.CustomTestExecutionListener - Finishing test (test execution listener) calculateFactorialFromNumberBiggerThan1(int)
14:22:43.086 [main] INFO  com.endava.extensions.CustomTestExecutionListener - Starting test (test execution listener) shouldCalculate0factorial()

Before each
1
After each

14:22:43.086 [main] INFO  com.endava.extensions.CustomTestExecutionListener - Finishing test (test execution listener) shouldCalculate0factorial()
]]></system-out>
  </testcase>
  <testcase name="calculateFactorialFromNegative" classname="com.endava.homework.ITFactorialTest" time="0.001">
    <system-out><![CDATA[14:22:43.087 [main] INFO  com.endava.extensions.CustomTestExecutionListener - Starting test (test execution listener) calculateFactorialFromNegative()

Before each
0
After each

14:22:43.088 [main] INFO  com.endava.extensions.CustomTestExecutionListener - Finishing test (test execution listener) calculateFactorialFromNegative()
]]></system-out>
  </testcase>
</testsuite>