<?xml version="1.0" encoding="UTF-8"?>
<testsuite xmlns:xsi="http://www.w3.org/2001/XMLSchema-instance" xsi:noNamespaceSchemaLocation="https://maven.apache.org/surefire/maven-failsafe-plugin/xsd/failsafe-test-report-3.0.xsd" version="3.0" name="com.endava.homework.ITPowTest" time="0.009" tests="8" errors="0" skipped="0" failures="0">
  <properties>
[...]
</properties>
  <testcase name="bigBaseNumber" classname="com.endava.homework.ITPowTest" time="0.001">
    <system-out><![CDATA[14:22:43.126 [main] INFO  com.endava.extensions.CustomTestExecutionListener - Starting test (test execution listener) ITPowTest
Before All Tests
14:22:43.127 [main] INFO  com.endava.extensions.CustomTestExecutionListener - Starting test (test execution listener) bigBaseNumber()

Before each
Infinity
After each

14:22:43.128 [main] INFO  com.endava.extensions.CustomTestExecutionListener - Finishing test (test execution listener) bigBaseNumber()
]]></system-out>
  </testcase>
  <testcase name="negativeExponent" classname="com.endava.homework.ITPowTest" time="0">
    <system-out><![CDATA[14:22:43.128 [main] INFO  com.endava.extensions.CustomTestExecutionListener - Starting test (test execution listener) negativeExponent()

Before each
0.037037037
After each

14:22:43.129 [main] INFO  com.endava.extensions.CustomTestExecutionListener - Finishing test (test execution listener) negativeExponent()
]]></system-out>
  </testcase>
  <testcase name="negativeBaseNegativeExponent" classname="com.endava.homework.ITPowTest" time="0.001">
    <system-out><![CDATA[14:22:43.130 [main] INFO  com.endava.extensions.CustomTestExecutionListener - Starting test (test execution listener) negativeBaseNegativeExponent()

Before each
1.0E-4
After each

14:22:43.131 [main] INFO  com.endava.extensions.CustomTestExecutionListener - Finishing test (test execution listener) negativeBaseNegativeExponent()
]]></system-out>
  </testcase>
  <testcase name="base0" classname="com.endava.homework.ITPowTest" time="0.001">
    <system-out><![CDATA[14:22:43.131 [main] INFO  com.endava.extensions.CustomTestExecutionListener - Starting test (test execution listener) base0()

Before each
0.0
After each

14:22:43.132 [main] INFO  com.endava.extensions.CustomTestExecutionListener - Finishing test (test execution listener) base0()
]]></system-out>
  </testcase>
  <testcase name="negativeBase" classname="com.endava.homework.ITPowTest" time="0.001">
    <system-out><![CDATA[14:22:43.132 [main] INFO  com.endava.extensions.CustomTestExecutionListener - Starting test (test execution listener) negativeBase()

Before each
-27.0
After each

14:22:43.133 [main] INFO  com.endava.extensions.CustomTestExecutionListener - Finishing test (test execution listener) negativeBase()
]]></system-out>
  </testcase>
  <testcase name="exponent0" classname="com.endava.homework.ITPowTest" time="0">
    <system-out><![CDATA[14:22:43.133 [main] INFO  com.endava.extensions.CustomTestExecutionListener - Starting test (test execution listener) exponent0()

Before each
1.0
After each

14:22:43.134 [main] INFO  com.endava.extensions.CustomTestExecutionListener - Finishing test (test execution listener) exponent0()
]]></system-out>
  </testcase>
  <testcase name="maxExponentNumber" classname="com.endava.homework.ITPowTest" time="0.001">
    <system-out><![CDATA[14:22:43.134 [main] INFO  com.endava.extensions.CustomTestExecutionListener - Starting test (test execution listener) maxExponentNumber()

Before each
5.1922968585348276E33
After each

14:22:43.135 [main] INFO  com.endava.extensions.CustomTestExecutionListener - Finishing test (test execution listener) maxExponentNumber()
]]></system-out>
  </testcase>
  <testcase name="base0Exponent0" classname="com.endava.homework.ITPowTest" time="0.001">
    <system-out><![CDATA[14:22:43.135 [main] INFO  com.endava.extensions.CustomTestExecutionListener - Starting test (test execution listener) base0Exponent0()

Before each
1.0
After each

14:22:43.136 [main] INFO  com.endava.extensions.CustomTestExecutionListener - Finishing test (test execution listener) base0Exponent0()
]]></system-out>
  </testcase>
</testsuite>